[21/Jul/2022:00:29:11] (I): WordPress Instance Info:
[21/Jul/2022:00:29:11] (I): Home URL : http://localhost:3000/wordpress
[21/Jul/2022:00:29:11] (I): Site URL : http://localhost:3000/wordpress
[21/Jul/2022:00:29:11] (I): WordPress Version : 6.0.1
[21/Jul/2022:00:29:11] (I): Onboarding Version : 1.1.24
[21/Jul/2022:00:29:11] (I): Multisite : No
[21/Jul/2022:00:29:11] (I): Server Info : PHP 8.1.5 Development Server
[21/Jul/2022:00:29:11] (I): PHP Version : 8.1.5
[21/Jul/2022:00:29:11] (I): HTTPS : No
[21/Jul/2022:00:29:11] (I): PHP Max Execution Time : 30
[21/Jul/2022:00:29:11] (I): PHP Max Input Vars : 1000
[21/Jul/2022:00:29:11] (I): Max Upload Size : 8388608
[21/Jul/2022:00:29:11] (I): Plugins:
[21/Jul/2022:00:29:11] (I): [PLUGIN] Starter Templates : v3.1.13 (Brainstorm Force)
[21/Jul/2022:00:29:11] (I): [PLUGIN] Elementor : v3.6.7 (Elementor.com)
[21/Jul/2022:00:29:11] (I): [PLUGIN] Google Listings and Ads : v2.0.1 (WooCommerce)
[21/Jul/2022:00:29:11] (I): [PLUGIN] Jetpack : v11.1.2 (Automattic)
[21/Jul/2022:00:29:11] (I): [PLUGIN] MailPoet 3 (New) : v3.92.1 (MailPoet)
[21/Jul/2022:00:29:11] (I): [PLUGIN] PRO Elements : v3.6.4 (PROElements.org)
[21/Jul/2022:00:29:11] (I): [PLUGIN] Templates Patterns Collection : v1.1.24 (ThemeIsle)
[21/Jul/2022:00:29:11] (I): [PLUGIN] WooCommerce : v6.7.0 (Automattic)
[21/Jul/2022:00:29:11] (P): Saving remote XML
[21/Jul/2022:00:29:11] (S): Saved remote XML at path C:\Users\PC\OneDrive\Escritorio\wordpress-6.0.1\wordpress/wp-content/uploads/themeisle-demo-import.xml.
[21/Jul/2022:00:29:11] (P): Starting content import...
[21/Jul/2022:00:29:11] (S): Import started.
[21/Jul/2022:00:29:11] (S): Parsing XML file.
[21/Jul/2022:00:29:11] (P): Starting parsing file:C:\Users\PC\OneDrive\Escritorio\wordpress-6.0.1\wordpress/wp-content/uploads/themeisle-demo-import.xml
[21/Jul/2022:00:29:11] (P): Using WXR_Parser_SimpleXML...
[21/Jul/2022:00:29:12] (S): Parsed XML
[21/Jul/2022:00:29:12] (P): Processing categories...
[21/Jul/2022:00:29:13] (S): Processed categories.
[21/Jul/2022:00:29:13] (P): Processing tags...
[21/Jul/2022:00:29:13] (S): No tags to process.
[21/Jul/2022:00:29:13] (P): Processing terms...
[21/Jul/2022:00:29:13] (W): Failed to import tcb_symbols_tax Footers
[21/Jul/2022:00:29:13] (E): La taxonomía no es válida.
[21/Jul/2022:00:29:13] (W): Failed to import tcb_symbols_tax Headers
[21/Jul/2022:00:29:13] (E): La taxonomía no es válida.
[21/Jul/2022:00:29:13] (S): Processed terms.
[21/Jul/2022:00:29:13] (P): Processing posts...
[21/Jul/2022:00:29:13] (P): Processing attachment: https://s33834.pcdn.co/web-agency-gb/wp-content/uploads/sites/422/2020/01/neve-webdesign-GB-01.png...
[21/Jul/2022:00:29:13] (P): Fetching attachment from url: https://s33834.pcdn.co/web-agency-gb/wp-content/uploads/sites/422/2020/01/neve-webdesign-GB-01.png...
[21/Jul/2022:00:29:13] (S): Fetched remote attachment.
[21/Jul/2022:00:29:13] (P): Inserting attachment...
[21/Jul/2022:00:29:13] (S): Attachment inserted
[21/Jul/2022:00:29:13] (S): Processed attachment.
[21/Jul/2022:00:29:13] (P): Processing attachment: https://s33834.pcdn.co/web-agency-gb/wp-content/uploads/sites/422/2020/01/neve-webdesign-GB-03.png...
[21/Jul/2022:00:29:13] (P): Fetching attachment from url: https://s33834.pcdn.co/web-agency-gb/wp-content/uploads/sites/422/2020/01/neve-webdesign-GB-03.png...
[21/Jul/2022:00:29:14] (S): Fetched remote attachment.
[21/Jul/2022:00:29:14] (P): Inserting attachment...
[21/Jul/2022:00:29:14] (S): Attachment inserted
[21/Jul/2022:00:29:14] (S): Processed attachment.
[21/Jul/2022:00:29:14] (P): Processing attachment: https://s33834.pcdn.co/web-agency-gb/wp-content/uploads/sites/422/2020/01/neve-webdesign-GB-04.png...
[21/Jul/2022:00:29:14] (P): Fetching attachment from url: https://s33834.pcdn.co/web-agency-gb/wp-content/uploads/sites/422/2020/01/neve-webdesign-GB-04.png...
[21/Jul/2022:00:29:14] (S): Fetched remote attachment.
[21/Jul/2022:00:29:14] (P): Inserting attachment...
[21/Jul/2022:00:29:14] (S): Attachment inserted
[21/Jul/2022:00:29:14] (S): Processed attachment.
[21/Jul/2022:00:29:14] (P): Processing attachment: https://s33834.pcdn.co/web-agency-gb/wp-content/uploads/sites/422/2020/01/neve-web-design-bg-08.jpg...
[21/Jul/2022:00:29:14] (P): Fetching attachment from url: https://s33834.pcdn.co/web-agency-gb/wp-content/uploads/sites/422/2020/01/neve-web-design-bg-08.jpg...
[21/Jul/2022:00:29:14] (S): Fetched remote attachment.
[21/Jul/2022:00:29:14] (P): Inserting attachment...
[21/Jul/2022:00:29:14] (S): Attachment inserted
[21/Jul/2022:00:29:14] (S): Processed attachment.
[21/Jul/2022:00:29:14] (P): Processing attachment: https://s33834.pcdn.co/web-agency-gb/wp-content/uploads/sites/422/2020/01/neve-web-design-bg-09.jpg...
[21/Jul/2022:00:29:14] (P): Fetching attachment from url: https://s33834.pcdn.co/web-agency-gb/wp-content/uploads/sites/422/2020/01/neve-web-design-bg-09.jpg...
[21/Jul/2022:00:29:15] (S): Fetched remote attachment.
[21/Jul/2022:00:29:15] (P): Inserting attachment...
[21/Jul/2022:00:29:15] (S): Attachment inserted
[21/Jul/2022:00:29:15] (S): Processed attachment.
[21/Jul/2022:00:29:15] (P): Processing attachment: https://s33834.pcdn.co/web-agency-gb/wp-content/uploads/sites/422/2020/01/neve-web-design-bg-10.jpg...
[21/Jul/2022:00:29:15] (P): Fetching attachment from url: https://s33834.pcdn.co/web-agency-gb/wp-content/uploads/sites/422/2020/01/neve-web-design-bg-10.jpg...
[21/Jul/2022:00:29:15] (S): Fetched remote attachment.
[21/Jul/2022:00:29:15] (P): Inserting attachment...
[21/Jul/2022:00:29:15] (S): Attachment inserted
[21/Jul/2022:00:29:15] (S): Processed attachment.
[21/Jul/2022:00:29:15] (P): Processing attachment: https://s33834.pcdn.co/web-agency-gb/wp-content/uploads/sites/422/2020/01/neve-web-design-bg-11.jpg...
[21/Jul/2022:00:29:15] (P): Fetching attachment from url: https://s33834.pcdn.co/web-agency-gb/wp-content/uploads/sites/422/2020/01/neve-web-design-bg-11.jpg...
[21/Jul/2022:00:29:16] (S): Fetched remote attachment.
[21/Jul/2022:00:29:16] (P): Inserting attachment...
[21/Jul/2022:00:29:16] (S): Attachment inserted
[21/Jul/2022:00:29:16] (S): Processed attachment.
[21/Jul/2022:00:29:16] (P): Processing attachment: https://s33834.pcdn.co/web-agency-gb/wp-content/uploads/sites/422/2020/01/neve-web-design-bg-12.jpg...
[21/Jul/2022:00:29:16] (P): Fetching attachment from url: https://s33834.pcdn.co/web-agency-gb/wp-content/uploads/sites/422/2020/01/neve-web-design-bg-12.jpg...
[21/Jul/2022:00:29:16] (S): Fetched remote attachment.
[21/Jul/2022:00:29:16] (P): Inserting attachment...
[21/Jul/2022:00:29:16] (S): Attachment inserted
[21/Jul/2022:00:29:16] (S): Processed attachment.
[21/Jul/2022:00:29:16] (P): Processing attachment: https://s33834.pcdn.co/web-agency-gb/wp-content/uploads/sites/422/2020/01/neve-web-design-bg-13.jpg...
[21/Jul/2022:00:29:16] (P): Fetching attachment from url: https://s33834.pcdn.co/web-agency-gb/wp-content/uploads/sites/422/2020/01/neve-web-design-bg-13.jpg...
[21/Jul/2022:00:29:17] (S): Fetched remote attachment.
[21/Jul/2022:00:29:17] (P): Inserting attachment...
[21/Jul/2022:00:29:17] (S): Attachment inserted
[21/Jul/2022:00:29:17] (S): Processed attachment.
[21/Jul/2022:00:29:17] (P): Processing attachment: https://s33834.pcdn.co/web-agency-gb/wp-content/uploads/sites/422/2020/01/neve-web-design-bg-14.jpg...
[21/Jul/2022:00:29:17] (P): Fetching attachment from url: https://s33834.pcdn.co/web-agency-gb/wp-content/uploads/sites/422/2020/01/neve-web-design-bg-14.jpg...
[21/Jul/2022:00:29:17] (S): Fetched remote attachment.
[21/Jul/2022:00:29:17] (P): Inserting attachment...
[21/Jul/2022:00:29:18] (S): Attachment inserted
[21/Jul/2022:00:29:18] (S): Processed attachment.
[21/Jul/2022:00:29:18] (P): Processing attachment: https://s33834.pcdn.co/web-agency-gb/wp-content/uploads/sites/422/2020/01/neve-web-design-bg-15.jpg...
[21/Jul/2022:00:29:18] (P): Fetching attachment from url: https://s33834.pcdn.co/web-agency-gb/wp-content/uploads/sites/422/2020/01/neve-web-design-bg-15.jpg...
[21/Jul/2022:00:29:18] (S): Fetched remote attachment.
[21/Jul/2022:00:29:18] (P): Inserting attachment...
[21/Jul/2022:00:29:18] (S): Attachment inserted
[21/Jul/2022:00:29:18] (S): Processed attachment.
[21/Jul/2022:00:29:18] (P): Processing attachment: https://s33834.pcdn.co/web-agency-gb/wp-content/uploads/sites/422/2020/06/cropped-web-agency-icon.png...
[21/Jul/2022:00:29:18] (P): Fetching attachment from url: https://s33834.pcdn.co/web-agency-gb/wp-content/uploads/sites/422/2020/06/cropped-web-agency-icon.png...
[21/Jul/2022:00:29:18] (S): Fetched remote attachment.
[21/Jul/2022:00:29:18] (P): Inserting attachment...
[21/Jul/2022:00:29:18] (S): Attachment inserted
[21/Jul/2022:00:29:18] (S): Processed attachment.
[21/Jul/2022:00:29:18] (P): Processing attachment: https://s33834.pcdn.co/web-agency-gb/wp-content/uploads/sites/422/2020/07/web-design-studio-01.jpg.jpg...
[21/Jul/2022:00:29:18] (P): Fetching attachment from url: https://s33834.pcdn.co/web-agency-gb/wp-content/uploads/sites/422/2020/07/web-design-studio-01.jpg.jpg...
[21/Jul/2022:00:29:19] (S): Fetched remote attachment.
[21/Jul/2022:00:29:19] (P): Inserting attachment...
[21/Jul/2022:00:29:19] (S): Attachment inserted
[21/Jul/2022:00:29:19] (S): Processed attachment.
[21/Jul/2022:00:29:19] (P): Processing attachment: https://s33834.pcdn.co/web-agency-gb/wp-content/uploads/sites/422/2020/12/web-agency-logo-3.png...
[21/Jul/2022:00:29:19] (P): Fetching attachment from url: https://s33834.pcdn.co/web-agency-gb/wp-content/uploads/sites/422/2020/12/web-agency-logo-3.png...
[21/Jul/2022:00:29:20] (S): Fetched remote attachment.
[21/Jul/2022:00:29:20] (P): Inserting attachment...
[21/Jul/2022:00:29:20] (S): Attachment inserted
[21/Jul/2022:00:29:20] (S): Processed attachment.
[21/Jul/2022:00:29:20] (P): Processing attachment: https://s33834.pcdn.co/web-agency-gb/wp-content/uploads/sites/422/2020/12/neve-web-design-studio-02.1.jpg...
[21/Jul/2022:00:29:20] (P): Fetching attachment from url: https://s33834.pcdn.co/web-agency-gb/wp-content/uploads/sites/422/2020/12/neve-web-design-studio-02.1.jpg...
[21/Jul/2022:00:29:20] (S): Fetched remote attachment.
[21/Jul/2022:00:29:20] (P): Inserting attachment...
[21/Jul/2022:00:29:20] (S): Attachment inserted
[21/Jul/2022:00:29:20] (S): Processed attachment.
[21/Jul/2022:00:29:20] (P): Processing attachment: https://s33834.pcdn.co/web-agency-gb/wp-content/uploads/sites/422/2020/12/neve-web-design-studio-03.1.jpg...
[21/Jul/2022:00:29:20] (P): Fetching attachment from url: https://s33834.pcdn.co/web-agency-gb/wp-content/uploads/sites/422/2020/12/neve-web-design-studio-03.1.jpg...
[21/Jul/2022:00:29:21] (S): Fetched remote attachment.
[21/Jul/2022:00:29:21] (P): Inserting attachment...
[21/Jul/2022:00:29:21] (S): Attachment inserted
[21/Jul/2022:00:29:21] (S): Processed attachment.
[21/Jul/2022:00:29:21] (P): Processing attachment: https://s33834.pcdn.co/web-agency-gb/wp-content/uploads/sites/422/2020/12/neve-web-design-studio-04.1.jpg...
[21/Jul/2022:00:29:21] (P): Fetching attachment from url: https://s33834.pcdn.co/web-agency-gb/wp-content/uploads/sites/422/2020/12/neve-web-design-studio-04.1.jpg...
[21/Jul/2022:00:29:21] (S): Fetched remote attachment.
[21/Jul/2022:00:29:21] (P): Inserting attachment...
[21/Jul/2022:00:29:21] (S): Attachment inserted
[21/Jul/2022:00:29:21] (S): Processed attachment.
[21/Jul/2022:00:29:21] (P): Processing attachment: https://s33834.pcdn.co/web-agency-gb/wp-content/uploads/sites/422/2020/12/neve-web-design-studio-07.1.png...
[21/Jul/2022:00:29:21] (P): Fetching attachment from url: https://s33834.pcdn.co/web-agency-gb/wp-content/uploads/sites/422/2020/12/neve-web-design-studio-07.1.png...
[21/Jul/2022:00:29:22] (S): Fetched remote attachment.
[21/Jul/2022:00:29:22] (P): Inserting attachment...
[21/Jul/2022:00:29:22] (S): Attachment inserted
[21/Jul/2022:00:29:22] (S): Processed attachment.
[21/Jul/2022:00:29:22] (P): Processing attachment: https://s33834.pcdn.co/web-agency-gb/wp-content/uploads/sites/422/2021/06/phone-sm.png...
[21/Jul/2022:00:29:22] (P): Fetching attachment from url: https://s33834.pcdn.co/web-agency-gb/wp-content/uploads/sites/422/2021/06/phone-sm.png...
[21/Jul/2022:00:29:23] (S): Fetched remote attachment.
[21/Jul/2022:00:29:23] (P): Inserting attachment...
[21/Jul/2022:00:29:23] (S): Attachment inserted
[21/Jul/2022:00:29:23] (S): Processed attachment.
[21/Jul/2022:00:29:23] (P): Processing attachment: https://s33834.pcdn.co/web-agency-gb/wp-content/uploads/sites/422/2021/06/location-sm.png...
[21/Jul/2022:00:29:23] (P): Fetching attachment from url: https://s33834.pcdn.co/web-agency-gb/wp-content/uploads/sites/422/2021/06/location-sm.png...
[21/Jul/2022:00:29:23] (S): Fetched remote attachment.
[21/Jul/2022:00:29:23] (P): Inserting attachment...
[21/Jul/2022:00:29:23] (S): Attachment inserted
[21/Jul/2022:00:29:23] (S): Processed attachment.
[21/Jul/2022:00:29:23] (P): Inserting post: 5 UX Principles for Creating a Great Website .
[21/Jul/2022:00:29:23] (S): Done inserting post: 5 UX Principles for Creating a Great Website .
[21/Jul/2022:00:29:24] (P): Inserting page: News .
[21/Jul/2022:00:29:24] (S): Done inserting page: News .
[21/Jul/2022:00:29:24] (P): Inserting page: Home .
[21/Jul/2022:00:29:24] (S): Done inserting page: Home .
[21/Jul/2022:00:29:24] (P): Processing single menu item ' '...
[21/Jul/2022:00:29:24] (S): Processed single menu item.
[21/Jul/2022:00:29:24] (P): Processing single menu item ' '...
[21/Jul/2022:00:29:25] (S): Processed single menu item.
[21/Jul/2022:00:29:25] (P): Inserting post: Web Design Trends for 2022 .
[21/Jul/2022:00:29:25] (S): Done inserting post: Web Design Trends for 2022 .
[21/Jul/2022:00:29:25] (P): Inserting post: A Simple Guide to Design Thinking .
[21/Jul/2022:00:29:25] (S): Done inserting post: A Simple Guide to Design Thinking .
[21/Jul/2022:00:29:25] (P): Inserting page: About Us .
[21/Jul/2022:00:29:25] (S): Done inserting page: About Us .
[21/Jul/2022:00:29:26] (P): Processing single menu item ' '...
[21/Jul/2022:00:29:26] (S): Processed single menu item.
[21/Jul/2022:00:29:26] (P): Inserting page: Portfolio .
[21/Jul/2022:00:29:26] (S): Done inserting page: Portfolio .
[21/Jul/2022:00:29:26] (P): Inserting page: Portfolio Single .
[21/Jul/2022:00:29:26] (S): Done inserting page: Portfolio Single .
[21/Jul/2022:00:29:26] (P): Processing single menu item ' '...
[21/Jul/2022:00:29:26] (S): Processed single menu item.
[21/Jul/2022:00:29:26] (P): Processing single menu item ' '...
[21/Jul/2022:00:29:26] (S): Processed single menu item.
[21/Jul/2022:00:29:26] (P): Inserting page: Contact Us .
[21/Jul/2022:00:29:26] (S): Done inserting page: Contact Us .
[21/Jul/2022:00:29:27] (P): Processing single menu item ' '...
[21/Jul/2022:00:29:27] (S): Processed single menu item.
[21/Jul/2022:00:29:27] (P): Inserting custom_css: neve .
[21/Jul/2022:00:29:27] (S): Done inserting custom_css: neve .
[21/Jul/2022:00:29:27] (P): Processing attachment: https://s33834.pcdn.co/web-agency-gb/wp-content/uploads/sites/422/2021/06/email-sm.png...
[21/Jul/2022:00:29:27] (P): Fetching attachment from url: https://s33834.pcdn.co/web-agency-gb/wp-content/uploads/sites/422/2021/06/email-sm.png...
[21/Jul/2022:00:29:27] (S): Fetched remote attachment.
[21/Jul/2022:00:29:27] (P): Inserting attachment...
[21/Jul/2022:00:29:27] (S): Attachment inserted
[21/Jul/2022:00:29:27] (S): Processed attachment.
[21/Jul/2022:00:29:27] (P): Inserting post: Best Calligraphy Fonts for Logos .
[21/Jul/2022:00:29:27] (S): Done inserting post: Best Calligraphy Fonts for Logos .
[21/Jul/2022:00:29:27] (P): Inserting post: Knowing Your User. The importance of User Research. .
[21/Jul/2022:00:29:27] (S): Done inserting post: Knowing Your User. The importance of User Research. .
[21/Jul/2022:00:29:27] (P): Inserting post: What is the Progressive Web App (PWA) and how it works? .
[21/Jul/2022:00:29:27] (S): Done inserting post: What is the Progressive Web App (PWA) and how it works? .
[21/Jul/2022:00:29:27] (P): Inserting wp_block: 3 column section .
[21/Jul/2022:00:29:27] (S): Done inserting wp_block: 3 column section .
[21/Jul/2022:00:29:27] (P): Inserting wp_block: Team Social Icons .
[21/Jul/2022:00:29:27] (S): Done inserting wp_block: Team Social Icons .
[21/Jul/2022:00:29:27] (S): Processed posts.
[21/Jul/2022:00:29:27] (P): Cleaning up import with id ...
[21/Jul/2022:00:29:27] (P): Done cleanup. Flushing cache...
[21/Jul/2022:00:29:27] (P): Flushed cache. Removing temporary data..
[21/Jul/2022:00:29:28] (S): Done importing
[21/Jul/2022:00:29:28] (P): Busting elementor cache
[21/Jul/2022:00:29:28] (S): Front page set up with id: 308.
